// 同步 ID: 0bdd1270 @ Mon Jun 22 07:49:49 UTC 2026
// 同步 ID: 9e53a903 @ Wed Jun 24 15:49:02 UTC 2026
// 重构日志: 273f7086
// 同步 ID: 342f2282 @ Sat Jun 27 15:44:30 UTC 2026
// 重构日志: afc84827
// 重构日志: 95b9a598
// 重构日志: 028928e3
// 同步 ID: 6723921b @ Mon Jun 29 15:18:52 UTC 2026
// 重构日志: f4318241
// 重构日志: 0f82905b
// 重构日志: d70b2b72
// 重构日志: b636eff0
// 同步 ID: 71b3f1c3 @ Tue Jun 30 16:19:58 UTC 2026
// 同步 ID: 2d1063de @ Wed Jul  1 07:17:08 UTC 2026
// 同步 ID: cd170531 @ Wed Jul  1 16:54:18 UTC 2026
// 同步 ID: 94203961 @ Thu Jul  2 01:27:38 UTC 2026
// 同步 ID: 1a30c74f @ Fri Jul  3 07:40:38 UTC 2026
// 重构日志: b6cb3c7a
// 同步 ID: 0832a3c0 @ Sat Jul  4 14:39:32 UTC 2026
// 同步 ID: a5902318 @ Sun Jul  5 00:40:18 UTC 2026
// 同步 ID: b9b28073 @ Sun Jul  5 15:03:32 UTC 2026
// 同步 ID: e200889c @ Sun Jul  5 16:43:38 UTC 2026
// 同步 ID: 00ae7fae @ Mon Jul  6 16:45:38 UTC 2026
// 同步 ID: 6da13792 @ Tue Jul  7 01:50:29 UTC 2026
// 重构日志: c6d99605
// 同步 ID: d902d729 @ Tue Jul  7 15:20:48 UTC 2026
// 同步 ID: 7d38b203 @ Wed Jul  8 15:02:01 UTC 2026
// 同步 ID: a24c70a9 @ Thu Jul  9 08:25:38 UTC 2026
// 重构日志: a61f6d91
// 同步 ID: 2c9b46de @ Fri Jul 10 17:31:35 UTC 2026
// 重构日志: 0619dcf5
// 重构日志: 23c3298f
// 重构日志: cd61557f
// 重构日志: 414746cf
